[{"line":2,"elements":[{"start_timestamp":"2025-03-18T10:15:44.114Z","before":[{"result":{"duration":3578600,"status":"passed"},"match":{"location":"stepDefinitions.common.Hooks.setUp(io.cucumber.java.Scenario)"}}],"line":3,"name":"Verify HomePage title and link","description":"","id":"homepage-verification;verify-homepage-title-and-link","after":[{"result":{"duration":544060500,"status":"passed"},"match":{"location":"stepDefinitions.common.Hooks.tearDown(io.cucumber.java.Scenario)"}}],"type":"scenario","keyword":"Scenario","steps":[{"result":{"duration":9189287100,"status":"passed"},"line":4,"name":"user is on HomePage","match":{"location":"stepDefinitions.home.HomeSteps.user_is_on_home_page()"},"keyword":"Given "},{"result":{"duration":15197900,"status":"passed"},"line":5,"name":"Verify HomePage link","match":{"location":"stepDefinitions.home.HomeSteps.verify_home_page_link()"},"keyword":"Then "},{"result":{"duration":11625200,"status":"passed"},"line":6,"name":"Verify HomePage title is \"JPetStore Demo\"","match":{"arguments":[{"val":"\"JPetStore Demo\"","offset":25}],"location":"stepDefinitions.home.HomeSteps.verify_home_page_title_is(java.lang.String)"},"keyword":"Then "}],"tags":[{"name":"@HomePageTest"}]}],"name":"HomePage Verification","description":"","id":"homepage-verification","keyword":"Feature","uri":"file:src/test/resources/features/ahome/HomePage.feature","tags":[{"name":"@HomePageTest","type":"Tag","location":{"line":1,"column":1}}]},{"line":2,"elements":[{"start_timestamp":"2025-03-18T10:15:54.011Z","before":[{"result":{"duration":1005300,"status":"passed"},"match":{"location":"stepDefinitions.common.Hooks.setUp(io.cucumber.java.Scenario)"}}],"line":3,"name":"Search for a pet and select pet and product items","description":"","id":"search-and-select-the-pets;search-for-a-pet-and-select-pet-and-product-items","after":[{"result":{"duration":44774600,"status":"passed"},"match":{"location":"stepDefinitions.common.Hooks.tearDown(io.cucumber.java.Scenario)"}}],"type":"scenario","keyword":"Scenario","steps":[{"result":{"duration":3880806800,"status":"passed"},"line":4,"name":"User is on the HomePage","match":{"location":"stepDefinitions.search.SearchSteps.user_is_on_the_home_page()"},"keyword":"Given "},{"result":{"duration":915276700,"status":"passed"},"line":5,"name":"User search for \"Fish\"","match":{"arguments":[{"val":"\"Fish\"","offset":16}],"location":"stepDefinitions.search.SearchSteps.user_search_for(java.lang.String)"},"keyword":"When "},{"result":{"duration":2339878300,"status":"passed"},"line":6,"name":"User selects the first pet from search results","match":{"location":"stepDefinitions.search.SearchSteps.user_selects_the_first_pet_from_search_results()"},"keyword":"Then "},{"result":{"duration":2672293400,"status":"passed"},"line":7,"name":"User selects a product item","match":{"location":"stepDefinitions.search.SearchSteps.user_selects_a_product_item()"},"keyword":"Then "},{"result":{"duration":74401400,"status":"passed"},"line":8,"name":"Displays the price of product","match":{"location":"stepDefinitions.search.SearchSteps.displays_the_price_of_product()"},"keyword":"Then "}],"tags":[{"name":"@SearchTest"}]}],"name":"Search and Select the pets","description":"","id":"search-and-select-the-pets","keyword":"Feature","uri":"file:src/test/resources/features/bsearch/SearchPage.feature","tags":[{"name":"@SearchTest","type":"Tag","location":{"line":1,"column":1}}]},{"line":1,"elements":[{"start_timestamp":"2025-03-18T10:16:03.970Z","before":[{"result":{"status":"passed"},"match":{"location":"stepDefinitions.common.Hooks.setUp(io.cucumber.java.Scenario)"}}],"line":3,"name":"Validate product details","description":"","id":"product-details-and-cart-functionality;validate-product-details","after":[{"result":{"duration":15815600,"status":"passed"},"match":{"location":"stepDefinitions.common.Hooks.tearDown(io.cucumber.java.Scenario)"}}],"type":"scenario","keyword":"Scenario","steps":[{"result":{"duration":581654500,"status":"passed"},"line":4,"name":"user is on the product page for \"FI-FW-02\"","match":{"arguments":[{"val":"\"FI-FW-02\"","offset":32}],"location":"stepDefinitions.details.ProductsDetails.user_is_on_the_product_page_for(java.lang.String)"},"keyword":"Given "},{"result":{"duration":47919200,"status":"passed"},"line":5,"name":"product title should be \"Adult Male Goldfish\"","match":{"arguments":[{"val":"\"Adult Male Goldfish\"","offset":24}],"location":"stepDefinitions.details.ProductsDetails.product_title_should_be(java.lang.String)"},"keyword":"Then "},{"result":{"duration":31042700,"status":"passed"},"line":6,"name":"product description should be visible","match":{"location":"stepDefinitions.details.ProductsDetails.product_description_should_be_visible()"},"keyword":"And "},{"result":{"duration":31949600,"status":"passed"},"line":7,"name":"product price should be displayed","match":{"location":"stepDefinitions.details.ProductsDetails.product_price_should_be_displayed()"},"keyword":"And "},{"result":{"duration":44021000,"status":"passed"},"line":8,"name":"product image should be present","match":{"location":"stepDefinitions.details.ProductsDetails.product_image_should_be_present()"},"keyword":"And "},{"result":{"duration":33417400,"status":"passed"},"line":9,"name":"product availability should be \"in stock\"","match":{"arguments":[{"val":"\"in stock\"","offset":31}],"location":"stepDefinitions.details.ProductsDetails.product_availability_should_be(java.lang.String)"},"keyword":"And "},{"result":{"duration":336093400,"status":"passed"},"line":10,"name":"add the product to cart","match":{"location":"stepDefinitions.details.ProductsDetails.add_the_product_to_cart()"},"keyword":"Then "},{"result":{"duration":264309600,"status":"passed"},"line":11,"name":"check if user is directed to cart page \"https://petstore.octoperf.com/actions/Cart.action?addItemToCart=&workingItemId=EST-20\"","match":{"arguments":[{"val":"\"https://petstore.octoperf.com/actions/Cart.action?addItemToCart=&workingItemId=EST-20\"","offset":39}],"location":"stepDefinitions.details.ProductsDetails.check_if_user_is_directed_to_cart_page(java.lang.String)"},"keyword":"Then "}]}],"name":"Product Details and Cart Functionality","description":"","id":"product-details-and-cart-functionality","keyword":"Feature","uri":"file:src/test/resources/features/cdetails/productDetails.feature","tags":[]},{"line":1,"elements":[{"start_timestamp":"2025-03-18T10:16:05.385Z","before":[{"result":{"status":"passed"},"match":{"location":"stepDefinitions.common.Hooks.setUp(io.cucumber.java.Scenario)"}}],"line":3,"name":"Add multiple products to the cart","description":"","id":"shopping-cart-functionality;add-multiple-products-to-the-cart","after":[{"result":{"error_message":"java.lang.NullPointerException: Cannot invoke \"org.openqa.selenium.TakesScreenshot.getScreenshotAs(org.openqa.selenium.OutputType)\" because \"driver\" is null\r\n\tat utils.ScreenshotUtils.captureScreenshot(ScreenshotUtils.java:20)\r\n\tat stepDefinitions.common.Hooks.tearDown(Hooks.java:43)\r\n","duration":4388200,"status":"failed"},"match":{"location":"stepDefinitions.common.Hooks.tearDown(io.cucumber.java.Scenario)"}}],"type":"scenario","keyword":"Scenario","steps":[{"result":{"error_message":"org.openqa.selenium.SessionNotCreatedException: Could not start a new session. Response code 500. Message: session not created: Chrome failed to start: was killed.\n  (chrome not reachable)\n  (The process started from chrome location C:\\Program Files\\Google\\Chrome\\Application\\chrome.exe is no longer running, so ChromeDriver is assuming that Chrome has crashed.) \nHost info: host: 'GAUTAM', ip: '192.168.29.71'\nBuild info: version: '4.29.0', revision: '5fc1ec94cb'\nSystem info: os.name: 'Windows 11', os.arch: 'amd64', os.version: '10.0', java.version: '21.0.6'\nDriver info: org.openqa.selenium.chrome.ChromeDriver\nCommand: [null, newSession {capabilities=[Capabilities {browserName: chrome, goog:chromeOptions: {args: [], binary: C:\\Program Files\\Google\\Chr..., extensions: []}}]}]\r\n\tat org.openqa.selenium.remote.ProtocolHandshake.createSession(ProtocolHandshake.java:114)\r\n\tat org.openqa.selenium.remote.ProtocolHandshake.createSession(ProtocolHandshake.java:75)\r\n\tat org.openqa.selenium.remote.ProtocolHandshake.createSession(ProtocolHandshake.java:61)\r\n\tat org.openqa.selenium.remote.HttpCommandExecutor.execute(HttpCommandExecutor.java:187)\r\n\tat org.openqa.selenium.remote.service.DriverCommandExecutor.invokeExecute(DriverCommandExecutor.java:216)\r\n\tat org.openqa.selenium.remote.service.DriverCommandExecutor.execute(DriverCommandExecutor.java:174)\r\n\tat org.openqa.selenium.remote.RemoteWebDriver.execute(RemoteWebDriver.java:545)\r\n\tat org.openqa.selenium.remote.RemoteWebDriver.startSession(RemoteWebDriver.java:245)\r\n\tat org.openqa.selenium.remote.RemoteWebDriver.<init>(RemoteWebDriver.java:174)\r\n\tat org.openqa.selenium.chromium.ChromiumDriver.<init>(ChromiumDriver.java:110)\r\n\tat org.openqa.selenium.chrome.ChromeDriver.<init>(ChromeDriver.java:88)\r\n\tat org.openqa.selenium.chrome.ChromeDriver.<init>(ChromeDriver.java:83)\r\n\tat org.openqa.selenium.chrome.ChromeDriver.<init>(ChromeDriver.java:51)\r\n\tat pages.BasePage.initializeBrowser(BasePage.java:17)\r\n\tat stepDefinitions.cart.CartSteps.user_is_on_the_homepage(CartSteps.java:33)\r\n\tat âœ½.user is on the homepage(file:///C:/Education/wipro_selenium/PetStore/src/test/resources/features/dcart/cartDetails.feature:4)\r\n","duration":3774521700,"status":"failed"},"line":4,"name":"user is on the homepage","match":{"location":"stepDefinitions.cart.CartSteps.user_is_on_the_homepage()"},"keyword":"Given "},{"result":{"duration":4232000,"status":"skipped"},"line":5,"name":"user search for the animals and add first product to cart","match":{"location":"stepDefinitions.cart.CartSteps.user_search_for_the_animals_and_add_first_product_to_cart(io.cucumber.datatable.DataTable)"},"rows":[{"cells":["fish"]},{"cells":["dog"]},{"cells":["snake"]}],"keyword":"When "},{"result":{"status":"skipped"},"line":9,"name":"the cart should display the following products","match":{"location":"stepDefinitions.cart.CartSteps.the_cart_should_display_the_following_products(io.cucumber.datatable.DataTable)"},"rows":[{"cells":["Adult Male Goldfish"]},{"cells":["Male Adult Bulldog"]},{"cells":["Venomless Rattlesnake"]}],"keyword":"Then "}]},{"start_timestamp":"2025-03-18T10:16:09.202Z","line":14,"name":"","description":"","id":"shopping-cart-functionality;","type":"scenario","keyword":"Scenario","steps":[]},{"start_timestamp":"2025-03-18T10:16:09.218Z","line":19,"name":"","description":"","id":"shopping-cart-functionality;","type":"scenario","keyword":"Scenario","steps":[]},{"start_timestamp":"2025-03-18T10:16:09.234Z","before":[{"result":{"status":"passed"},"match":{"location":"stepDefinitions.common.Hooks.setUp(io.cucumber.java.Scenario)"}}],"line":24,"name":"Proceed to checkout","description":"","id":"shopping-cart-functionality;proceed-to-checkout","after":[{"result":{"duration":42022700,"status":"passed"},"match":{"location":"stepDefinitions.common.Hooks.tearDown(io.cucumber.java.Scenario)"}}],"type":"scenario","keyword":"Scenario","steps":[{"result":{"status":"passed"},"line":25,"name":"user has items in the cart","match":{"location":"stepDefinitions.cart.CartSteps.user_has_items_in_the_cart()"},"keyword":"Given "},{"result":{"duration":639680200,"status":"passed"},"line":26,"name":"user proceeds to checkout","match":{"location":"stepDefinitions.cart.CartSteps.user_proceeds_to_checkout()"},"keyword":"When "},{"result":{"duration":31961600,"status":"passed"},"line":27,"name":"checkout page should be displayed","match":{"location":"stepDefinitions.cart.CartSteps.checkout_page_should_be_displayed()"},"keyword":"Then "}]}],"name":"Shopping Cart Functionality","description":"","id":"shopping-cart-functionality","keyword":"Feature","uri":"file:src/test/resources/features/dcart/cartDetails.feature","tags":[]},{"line":1,"elements":[{"start_timestamp":"2025-03-18T10:16:09.964Z","before":[{"result":{"duration":1000800,"status":"passed"},"match":{"location":"stepDefinitions.common.Hooks.setUp(io.cucumber.java.Scenario)"}}],"line":3,"name":"User Registration","description":"","id":"user-registration-and-login;user-registration","after":[{"result":{"duration":11269000,"status":"passed"},"match":{"location":"stepDefinitions.common.Hooks.tearDown(io.cucumber.java.Scenario)"}}],"type":"scenario","keyword":"Scenario","steps":[{"result":{"duration":566473900,"status":"passed"},"line":4,"name":"User is on the registration page","match":{"location":"stepDefinitions.registration.RegistrationSteps.user_is_on_the_registration_page()"},"keyword":"Given "},{"result":{"duration":3335371100,"status":"passed"},"line":5,"name":"User enters registration details","match":{"location":"stepDefinitions.registration.RegistrationSteps.user_enters_registration_details()"},"keyword":"When "},{"result":{"duration":579828600,"status":"passed"},"line":6,"name":"User submits the registration form","match":{"location":"stepDefinitions.registration.RegistrationSteps.user_submits_the_registration_form()"},"keyword":"And "},{"result":{"duration":1113500,"status":"passed"},"line":7,"name":"User should be registered successfully","match":{"location":"stepDefinitions.registration.RegistrationSteps.user_should_be_registered_successfully()"},"keyword":"Then "}]},{"start_timestamp":"2025-03-18T10:16:14.474Z","before":[{"result":{"duration":506400,"status":"passed"},"match":{"location":"stepDefinitions.common.Hooks.setUp(io.cucumber.java.Scenario)"}}],"line":9,"name":"User Login","description":"","id":"user-registration-and-login;user-login","after":[{"result":{"duration":37642500,"status":"passed"},"match":{"location":"stepDefinitions.common.Hooks.tearDown(io.cucumber.java.Scenario)"}}],"type":"scenario","keyword":"Scenario","steps":[{"result":{"duration":1322009100,"status":"passed"},"line":10,"name":"User is on the login page","match":{"location":"stepDefinitions.login.LoginSteps.user_is_on_the_login_page()"},"keyword":"Given "},{"result":{"duration":622689700,"status":"passed"},"line":11,"name":"User logs in with \"gautam71\" and \"Gautam@123\"","match":{"arguments":[{"val":"\"gautam71\"","offset":18},{"val":"\"Gautam@123\"","offset":33}],"location":"stepDefinitions.login.LoginSteps.user_logs_in_with_and(java.lang.String,java.lang.String)"},"keyword":"When "},{"result":{"status":"passed"},"line":12,"name":"User should be logged in successfully","match":{"location":"stepDefinitions.login.LoginSteps.user_should_be_logged_in_successfully()"},"keyword":"Then "}]}],"name":"User Registration and Login","description":"","id":"user-registration-and-login","keyword":"Feature","uri":"file:src/test/resources/features/eregistration/registrationAndLogin.feature","tags":[]},{"line":1,"elements":[{"start_timestamp":"2025-03-18T10:16:16.464Z","line":2,"name":"Failure while executing Cucumber","description":"","id":"failure;failure-while-executing-cucumber","type":"scenario","keyword":"Scenario","steps":[{"result":{"duration":0,"status":"passed"},"line":3,"name":"Cucumber failed while executing","match":{"arguments":[],"location":"io.cucumber.core.Failure.failure_while_executing_cucumber()"},"keyword":"When "},{"result":{"duration":0,"error_message":"io.cucumber.core.exception.CompositeCucumberException: There were 2 exceptions. The details are in the stacktrace below.\r\n\tat io.cucumber.core.runtime.RethrowingThrowableCollector.getThrowable(RethrowingThrowableCollector.java:57)\r\n\tat io.cucumber.core.runtime.CucumberExecutionContext.getThrowable(CucumberExecutionContext.java:102)\r\n\tat io.cucumber.core.runtime.CucumberExecutionContext.finishTestRun(CucumberExecutionContext.java:97)\r\n\tat io.cucumber.testng.TestNGCucumberRunner.finish(TestNGCucumberRunner.java:145)\r\n\tat io.cucumber.testng.AbstractTestNGCucumberTests.tearDownClass(AbstractTestNGCucumberTests.java:57)\r\n\tat java.base/jdk.internal.reflect.DirectMethodHandleAccessor.invoke(DirectMethodHandleAccessor.java:103)\r\n\tat java.base/java.lang.reflect.Method.invoke(Method.java:580)\r\n\tat org.testng.internal.MethodInvocationHelper.invokeMethod(MethodInvocationHelper.java:133)\r\n\tat org.testng.internal.MethodInvocationHelper.invokeMethodConsideringTimeout(MethodInvocationHelper.java:62)\r\n\tat org.testng.internal.ConfigInvoker.invokeConfigurationMethod(ConfigInvoker.java:385)\r\n\tat org.testng.internal.ConfigInvoker.invokeConfigurations(ConfigInvoker.java:321)\r\n\tat org.testng.internal.TestMethodWorker.invokeAfterClassMethods(TestMethodWorker.java:217)\r\n\tat org.testng.internal.TestMethodWorker.run(TestMethodWorker.java:130)\r\n\tat java.base/java.util.ArrayList.forEach(ArrayList.java:1596)\r\n\tat org.testng.TestRunner.privateRun(TestRunner.java:794)\r\n\tat org.testng.TestRunner.run(TestRunner.java:596)\r\n\tat org.testng.SuiteRunner.runTest(SuiteRunner.java:377)\r\n\tat org.testng.SuiteRunner.runSequentially(SuiteRunner.java:371)\r\n\tat org.testng.SuiteRunner.privateRun(SuiteRunner.java:332)\r\n\tat org.testng.SuiteRunner.run(SuiteRunner.java:276)\r\n\tat org.testng.SuiteRunnerWorker.runSuite(SuiteRunnerWorker.java:53)\r\n\tat org.testng.SuiteRunnerWorker.run(SuiteRunnerWorker.java:96)\r\n\tat org.testng.TestNG.runSuitesSequentially(TestNG.java:1212)\r\n\tat org.testng.TestNG.runSuitesLocally(TestNG.java:1134)\r\n\tat org.testng.TestNG.runSuites(TestNG.java:1063)\r\n\tat org.testng.TestNG.run(TestNG.java:1031)\r\n\tat org.testng.remote.AbstractRemoteTestNG.run(AbstractRemoteTestNG.java:115)\r\n\tat org.testng.remote.RemoteTestNG.initAndRun(RemoteTestNG.java:293)\r\n\tat org.testng.remote.RemoteTestNG.main(RemoteTestNG.java:91)\r\n\tSuppressed: java.lang.IllegalArgumentException: Test name must not be null or empty\r\n\t\tat com.aventstack.extentreports.util.Assert.notEmpty(Assert.java:12)\r\n\t\tat com.aventstack.extentreports.ExtentTest.<init>(ExtentTest.java:96)\r\n\t\tat com.aventstack.extentreports.ExtentTest.createNode(ExtentTest.java:153)\r\n\t\tat com.aventstack.extentreports.cucumber.adapter.ExtentCucumberAdapter.createTestCase(ExtentCucumberAdapter.java:424)\r\n\t\tat com.aventstack.extentreports.cucumber.adapter.ExtentCucumberAdapter.handleTestCaseStarted(ExtentCucumberAdapter.java:163)\r\n\t\tat com.aventstack.extentreports.cucumber.adapter.ExtentCucumberAdapter.access$100(ExtentCucumberAdapter.java:63)\r\n\t\tat com.aventstack.extentreports.cucumber.adapter.ExtentCucumberAdapter$3.receive(ExtentCucumberAdapter.java:107)\r\n\t\tat com.aventstack.extentreports.cucumber.adapter.ExtentCucumberAdapter$3.receive(ExtentCucumberAdapter.java:104)\r\n\t\tat io.cucumber.core.eventbus.AbstractEventPublisher.send(AbstractEventPublisher.java:51)\r\n\t\tat io.cucumber.core.eventbus.AbstractEventBus.send(AbstractEventBus.java:12)\r\n\t\tat io.cucumber.core.runtime.SynchronizedEventBus.send(SynchronizedEventBus.java:47)\r\n\t\tat io.cucumber.core.runtime.ThreadLocalRunnerSupplier$LocalEventBus.send(ThreadLocalRunnerSupplier.java:62)\r\n\t\tat io.cucumber.core.runner.TestCase.emitTestCaseStarted(TestCase.java:206)\r\n\t\tat io.cucumber.core.runner.TestCase.run(TestCase.java:72)\r\n\t\tat io.cucumber.core.runner.Runner.runPickle(Runner.java:75)\r\n\t\tat io.cucumber.testng.TestNGCucumberRunner.lambda$runScenario$1(TestNGCucumberRunner.java:132)\r\n\t\tat io.cucumber.core.runtime.CucumberExecutionContext.lambda$runTestCase$5(CucumberExecutionContext.java:129)\r\n\t\tat io.cucumber.core.runtime.RethrowingThrowableCollector.executeAndThrow(RethrowingThrowableCollector.java:23)\r\n\t\tat io.cucumber.core.runtime.CucumberExecutionContext.runTestCase(CucumberExecutionContext.java:129)\r\n\t\tat io.cucumber.testng.TestNGCucumberRunner.runScenario(TestNGCucumberRunner.java:129)\r\n\t\tat io.cucumber.testng.AbstractTestNGCucumberTests.runScenario(AbstractTestNGCucumberTests.java:35)\r\n\t\tat java.base/jdk.internal.reflect.DirectMethodHandleAccessor.invoke(DirectMethodHandleAccessor.java:103)\r\n\t\tat java.base/java.lang.reflect.Method.invoke(Method.java:580)\r\n\t\tat org.testng.internal.MethodInvocationHelper.invokeMethod(MethodInvocationHelper.java:133)\r\n\t\tat org.testng.internal.TestInvoker.invokeMethod(TestInvoker.java:598)\r\n\t\tat org.testng.internal.TestInvoker.invokeTestMethod(TestInvoker.java:173)\r\n\t\tat org.testng.internal.MethodRunner.runInSequence(MethodRunner.java:46)\r\n\t\tat org.testng.internal.TestInvoker$MethodInvocationAgent.invoke(TestInvoker.java:824)\r\n\t\tat org.testng.internal.TestInvoker.invokeTestMethods(TestInvoker.java:146)\r\n\t\tat org.testng.internal.TestMethodWorker.invokeTestMethods(TestMethodWorker.java:146)\r\n\t\tat org.testng.internal.TestMethodWorker.run(TestMethodWorker.java:128)\r\n\t\t... 16 more\r\n\tSuppressed: java.lang.IllegalArgumentException: Test name must not be null or empty\r\n\t\tat com.aventstack.extentreports.util.Assert.notEmpty(Assert.java:12)\r\n\t\tat com.aventstack.extentreports.ExtentTest.<init>(ExtentTest.java:96)\r\n\t\tat com.aventstack.extentreports.ExtentTest.createNode(ExtentTest.java:153)\r\n\t\tat com.aventstack.extentreports.cucumber.adapter.ExtentCucumberAdapter.createTestCase(ExtentCucumberAdapter.java:424)\r\n\t\tat com.aventstack.extentreports.cucumber.adapter.ExtentCucumberAdapter.handleTestCaseStarted(ExtentCucumberAdapter.java:163)\r\n\t\tat com.aventstack.extentreports.cucumber.adapter.ExtentCucumberAdapter.access$100(ExtentCucumberAdapter.java:63)\r\n\t\tat com.aventstack.extentreports.cucumber.adapter.ExtentCucumberAdapter$3.receive(ExtentCucumberAdapter.java:107)\r\n\t\tat com.aventstack.extentreports.cucumber.adapter.ExtentCucumberAdapter$3.receive(ExtentCucumberAdapter.java:104)\r\n\t\tat io.cucumber.core.eventbus.AbstractEventPublisher.send(AbstractEventPublisher.java:51)\r\n\t\tat io.cucumber.core.eventbus.AbstractEventBus.send(AbstractEventBus.java:12)\r\n\t\tat io.cucumber.core.runtime.SynchronizedEventBus.send(SynchronizedEventBus.java:47)\r\n\t\tat io.cucumber.core.runtime.ThreadLocalRunnerSupplier$LocalEventBus.send(ThreadLocalRunnerSupplier.java:62)\r\n\t\tat io.cucumber.core.runner.TestCase.emitTestCaseStarted(TestCase.java:206)\r\n\t\tat io.cucumber.core.runner.TestCase.run(TestCase.java:72)\r\n\t\tat io.cucumber.core.runner.Runner.runPickle(Runner.java:75)\r\n\t\tat io.cucumber.testng.TestNGCucumberRunner.lambda$runScenario$1(TestNGCucumberRunner.java:132)\r\n\t\tat io.cucumber.core.runtime.CucumberExecutionContext.lambda$runTestCase$5(CucumberExecutionContext.java:129)\r\n\t\tat io.cucumber.core.runtime.RethrowingThrowableCollector.executeAndThrow(RethrowingThrowableCollector.java:23)\r\n\t\tat io.cucumber.core.runtime.CucumberExecutionContext.runTestCase(CucumberExecutionContext.java:129)\r\n\t\tat io.cucumber.testng.TestNGCucumberRunner.runScenario(TestNGCucumberRunner.java:129)\r\n\t\tat io.cucumber.testng.AbstractTestNGCucumberTests.runScenario(AbstractTestNGCucumberTests.java:35)\r\n\t\tat java.base/jdk.internal.reflect.DirectMethodHandleAccessor.invoke(DirectMethodHandleAccessor.java:103)\r\n\t\tat java.base/java.lang.reflect.Method.invoke(Method.java:580)\r\n\t\tat org.testng.internal.MethodInvocationHelper.invokeMethod(MethodInvocationHelper.java:133)\r\n\t\tat org.testng.internal.TestInvoker.invokeMethod(TestInvoker.java:598)\r\n\t\tat org.testng.internal.TestInvoker.invokeTestMethod(TestInvoker.java:173)\r\n\t\tat org.testng.internal.MethodRunner.runInSequence(MethodRunner.java:46)\r\n\t\tat org.testng.internal.TestInvoker$MethodInvocationAgent.invoke(TestInvoker.java:824)\r\n\t\tat org.testng.internal.TestInvoker.invokeTestMethods(TestInvoker.java:146)\r\n\t\tat org.testng.internal.TestMethodWorker.invokeTestMethods(TestMethodWorker.java:146)\r\n\t\tat org.testng.internal.TestMethodWorker.run(TestMethodWorker.java:128)\r\n\t\t... 16 more\r\n","status":"failed"},"line":4,"name":"Cucumber will report this error:","match":{"arguments":[],"location":"io.cucumber.core.Failure.cucumber_reports_this_error()"},"keyword":"Then "}]}],"name":"Test run failed","description":"There were errors during the execution","id":"failure","keyword":"Feature","uri":"classpath:io/cucumber/core/failure.feature","tags":[]}]